<?xml version="1.0" encoding="UTF-8"?>
<testng-results ignored="0" total="3" passed="3" failed="0" skipped="0">
  <reporter-output>
  </reporter-output>
  <suite started-at="2025-03-23T10:06:59 IST" name="Suite" finished-at="2025-03-23T10:07:10 IST" duration-ms="10977">
    <groups>
    </groups>
    <test started-at="2025-03-23T10:06:59 IST" name="Test" finished-at="2025-03-23T10:07:10 IST" duration-ms="10977">
      <class name="testscript.SubCategoryTest">
        <test-method is-config="true" signature="initiatiseBrower(java.lang.String)[pri:0, instance:testscript.SubCategoryTest@4a07d605]" started-at="2025-03-23T10:06:59 IST" name="initiatiseBrower" finished-at="2025-03-23T10:07:01 IST" duration-ms="1930" status="PASS">
          <params>
            <param index="0">
              <value>
                <![CDATA[chrome]]>
              </value>
            </param>
          </params>
          <reporter-output>
          </reporter-output>
        </test-method> <!-- initiatiseBrower -->
        <test-method signature="verifyWhetherUserAbleToAddNewItemInSubcategoryUsingNewButton()[pri:1, instance:testscript.SubCategoryTest@4a07d605]" started-at="2025-03-23T10:07:01 IST" name="verifyWhetherUserAbleToAddNewItemInSubcategoryUsingNewButton" description="Verify user able to add new items in subcategoryusing New Button" finished-at="2025-03-23T10:07:03 IST" duration-ms="2504" status="PASS">
          <reporter-output>
          </reporter-output>
        </test-method> <!-- verifyWhetherUserAbleToAddNewItemInSubcategoryUsingNewButton -->
        <test-method is-config="true" signature="driverQuit(org.testng.ITestResult)[pri:0, instance:testscript.SubCategoryTest@4a07d605]" started-at="2025-03-23T10:07:03 IST" name="driverQuit" finished-at="2025-03-23T10:07:03 IST" duration-ms="186" status="PASS">
          <params>
            <param index="0">
              <value>
                <![CDATA[[TestResult name=verifyWhetherUserAbleToAddNewItemInSubcategoryUsingNewButton status=SUCCESS method=SubCategoryTest.verifyWhetherUserAbleToAddNewItemInSubcategoryUsingNewButton()[pri:1, instance:testscript.SubCategoryTest@4a07d605] output={null}]]]>
              </value>
            </param>
          </params>
          <reporter-output>
          </reporter-output>
        </test-method> <!-- driverQuit -->
        <test-method is-config="true" signature="initiatiseBrower(java.lang.String)[pri:0, instance:testscript.SubCategoryTest@4a07d605]" started-at="2025-03-23T10:07:03 IST" name="initiatiseBrower" finished-at="2025-03-23T10:07:05 IST" duration-ms="1644" status="PASS">
          <params>
            <param index="0">
              <value>
                <![CDATA[chrome]]>
              </value>
            </param>
          </params>
          <reporter-output>
          </reporter-output>
        </test-method> <!-- initiatiseBrower -->
        <test-method signature="verifyWhetherUserAbleToSearchItemsusingSearchButtonInSubcategorytosearchitem()[pri:2, instance:testscript.SubCategoryTest@4a07d605]" started-at="2025-03-23T10:07:05 IST" name="verifyWhetherUserAbleToSearchItemsusingSearchButtonInSubcategorytosearchitem" description="Verify user able to search items using search button in the subcategory" finished-at="2025-03-23T10:07:07 IST" duration-ms="1483" status="PASS">
          <reporter-output>
          </reporter-output>
        </test-method> <!-- verifyWhetherUserAbleToSearchItemsusingSearchButtonInSubcategorytosearchitem -->
        <test-method is-config="true" signature="driverQuit(org.testng.ITestResult)[pri:0, instance:testscript.SubCategoryTest@4a07d605]" started-at="2025-03-23T10:07:07 IST" name="driverQuit" finished-at="2025-03-23T10:07:07 IST" duration-ms="175" status="PASS">
          <params>
            <param index="0">
              <value>
                <![CDATA[[TestResult name=verifyWhetherUserAbleToSearchItemsusingSearchButtonInSubcategorytosearchitem status=SUCCESS method=SubCategoryTest.verifyWhetherUserAbleToSearchItemsusingSearchButtonInSubcategorytosearchitem()[pri:2, instance:testscript.SubCategoryTest@4a07d605] output={null}]]]>
              </value>
            </param>
          </params>
          <reporter-output>
          </reporter-output>
        </test-method> <!-- driverQuit -->
        <test-method is-config="true" signature="initiatiseBrower(java.lang.String)[pri:0, instance:testscript.SubCategoryTest@4a07d605]" started-at="2025-03-23T10:07:07 IST" name="initiatiseBrower" finished-at="2025-03-23T10:07:08 IST" duration-ms="1520" status="PASS">
          <params>
            <param index="0">
              <value>
                <![CDATA[chrome]]>
              </value>
            </param>
          </params>
          <reporter-output>
          </reporter-output>
        </test-method> <!-- initiatiseBrower -->
        <test-method signature="verifyWhetherUserAbleToRefreshTheSubCategoryPageUsingResetButton()[pri:3, instance:testscript.SubCategoryTest@4a07d605]" started-at="2025-03-23T10:07:08 IST" name="verifyWhetherUserAbleToRefreshTheSubCategoryPageUsingResetButton" description="verify userable to refresh the subcategory page using reset button" finished-at="2025-03-23T10:07:09 IST" duration-ms="1271" status="PASS">
          <reporter-output>
          </reporter-output>
        </test-method> <!-- verifyWhetherUserAbleToRefreshTheSubCategoryPageUsingResetButton -->
        <test-method is-config="true" signature="driverQuit(org.testng.ITestResult)[pri:0, instance:testscript.SubCategoryTest@4a07d605]" started-at="2025-03-23T10:07:09 IST" name="driverQuit" finished-at="2025-03-23T10:07:10 IST" duration-ms="210" status="PASS">
          <params>
            <param index="0">
              <value>
                <![CDATA[[TestResult name=verifyWhetherUserAbleToRefreshTheSubCategoryPageUsingResetButton status=SUCCESS method=SubCategoryTest.verifyWhetherUserAbleToRefreshTheSubCategoryPageUsingResetButton()[pri:3, instance:testscript.SubCategoryTest@4a07d605] output={null}]]]>
              </value>
            </param>
          </params>
          <reporter-output>
          </reporter-output>
        </test-method> <!-- driverQuit -->
      </class> <!-- testscript.SubCategoryTest -->
    </test> <!-- Test -->
  </suite> <!-- Suite -->
</testng-results>
