<?xml version="1.0" encoding="UTF-8"?>
<!-- Generated by org.testng.reporters.JUnitXMLReporter -->
<testsuite ignored="2" hostname="DESKTOP-HDR5F53" failures="0" tests="2" name="Test" time="7.944" errors="0" timestamp="2025-03-22T08:45:33 IST">
  <testcase classname="testscript.LoginTest" name="verifyWhetherUserAbleTOILoginWithValidUsernameAndValidPassword" time="1.923"/>
  <testcase classname="testscript.LoginTest" name="verifyWhetherUserAbleToLoginWithInValidUsernameAndValidPassword" time="0.666"/>
  <testcase classname="testscript.LoginTest" name="verifyWhetherUserAbleToLoginWithinValidUsernameAndinValidPassword" time="0.0">
    <ignored/>
  </testcase> <!-- verifyWhetherUserAbleToLoginWithinValidUsernameAndinValidPassword -->
  <testcase classname="testscript.LoginTest" name="verifyWhetherUserAbleTOUserLoginWithValidUsernameAndinValidPassword" time="0.0">
    <ignored/>
  </testcase> <!-- verifyWhetherUserAbleTOUserLoginWithValidUsernameAndinValidPassword -->
</testsuite> <!-- Test -->
