<?xml version="1.0" encoding="UTF-8"?>
<!-- Generated by org.testng.reporters.JUnitXMLReporter -->
<testsuite ignored="2" hostname="DESKTOP-HDR5F53" failures="0" tests="1" name="ChromeTest" time="5.831" errors="0" timestamp="2025-03-22T08:43:18 IST">
  <testcase classname="testscript.AdminUsersTest" name="verifywhetherUserAbleToAddNewUserToTheUserListByUsingAddButtonInAdminPage" time="3.46"/>
  <testcase classname="testscript.AdminUsersTest" name="verifyWhetherUserAbleToRefreshTheAdminUserListUsingResetButton" time="0.0">
    <ignored/>
  </testcase> <!-- verifyWhetherUserAbleToRefreshTheAdminUserListUsingResetButton -->
  <testcase classname="testscript.AdminUsersTest" name="VerifyWhetherUserAbleToSearchAdminUserListUsingsearchButtonInTheAdminUserPage" time="0.0">
    <ignored/>
  </testcase> <!-- VerifyWhetherUserAbleToSearchAdminUserListUsingsearchButtonInTheAdminUserPage -->
</testsuite> <!-- ChromeTest -->
