<?xml version="1.0" encoding="UTF-8"?>
<!-- Generated by org.testng.reporters.JUnitXMLReporter -->
<testsuite ignored="2" hostname="DESKTOP-HDR5F53" failures="0" tests="1" name="FireFoxTest" time="18.495" errors="0" timestamp="2025-03-22T08:43:37 IST">
  <testcase classname="testscript.AdminUsersTest" name="verifywhetherUserAbleToAddNewUserToTheUserListByUsingAddButtonInAdminPage" time="4.535"/>
  <testcase classname="testscript.AdminUsersTest" name="VerifyWhetherUserAbleToSearchAdminUserListUsingsearchButtonInTheAdminUserPage" time="0.0">
    <ignored/>
  </testcase> <!-- VerifyWhetherUserAbleToSearchAdminUserListUsingsearchButtonInTheAdminUserPage -->
  <testcase classname="testscript.AdminUsersTest" name="verifyWhetherUserAbleToRefreshTheAdminUserListUsingResetButton" time="0.0">
    <ignored/>
  </testcase> <!-- verifyWhetherUserAbleToRefreshTheAdminUserListUsingResetButton -->
</testsuite> <!-- FireFoxTest -->
