<?xml version="1.0" encoding="UTF-8"?>
<!-- Generated by org.testng.reporters.JUnitXMLReporter -->
<testsuite ignored="3" hostname="DESKTOP-HDR5F53" failures="0" tests="1" name="Test1" time="16.354" errors="0" timestamp="2025-03-21T14:58:08 IST">
  <testcase classname="testscript.LoginTest" name="verifyWhetherUserAbleToLoginWithInValidUsernameAndValidPassword" time="4.338"/>
  <testcase classname="testscript.LoginTest" name="verifyWhetherUserAbleToLoginWithinValidUsernameAndinValidPassword" time="0.0">
    <ignored/>
  </testcase> <!-- verifyWhetherUserAbleToLoginWithinValidUsernameAndinValidPassword -->
  <testcase classname="testscript.LoginTest" name="verifyWhetherUserAbleTOUserLoginWithValidUsernameAndinValidPassword" time="0.0">
    <ignored/>
  </testcase> <!-- verifyWhetherUserAbleTOUserLoginWithValidUsernameAndinValidPassword -->
  <testcase classname="testscript.LoginTest" name="verifyWhetherUserAbleTOILoginWithValidUsernameAndValidPassword" time="0.0">
    <ignored/>
  </testcase> <!-- verifyWhetherUserAbleTOILoginWithValidUsernameAndValidPassword -->
</testsuite> <!-- Test1 -->
