<?xml version="1.0" encoding="UTF-8"?>
<!-- Generated by org.testng.reporters.JUnitXMLReporter -->
<testsuite ignored="0" hostname="DESKTOP-HDR5F53" failures="0" tests="7" name="Test" time="22.146" errors="0" timestamp="2025-03-21T13:57:41 IST">
  <testcase classname="testscript.LoginTest" name="verifyWhetherUserAbleTOILoginWithValidUsernameAndValidPassword" time="1.482"/>
  <testcase classname="testscript.LoginTest" name="verifyWhetherUserAbleToLoginWithInValidUsernameAndValidPassword" time="0.618"/>
  <testcase classname="testscript.LoginTest" name="verifyWhetherUserAbleTOUserLoginWithValidUsernameAndinValidPassword" time="0.703"/>
  <testcase classname="testscript.LoginTest" name="verifyWhetherUserAbleToLoginWithinValidUsernameAndinValidPassword" time="0.597"/>
  <testcase classname="testscript.LoginTest" name="verifyWhetherUserAbleToLoginWithinValidUsernameAndinValidPassword" time="0.577"/>
  <testcase classname="testscript.LoginTest" name="verifyWhetherUserAbleToLoginWithinValidUsernameAndinValidPassword" time="0.702"/>
  <testcase classname="testscript.LoginTest" name="verifyWhetherUserAbleToLoginWithinValidUsernameAndinValidPassword" time="0.701"/>
</testsuite> <!-- Test -->
