<?xml version="1.0" encoding="UTF-8"?>
<!-- Generated by org.testng.reporters.JUnitXMLReporter -->
<testsuite ignored="0" hostname="DESKTOP-HDR5F53" failures="0" tests="3" name="Test" time="10.977" errors="0" timestamp="2025-03-23T10:07:10 IST">
  <testcase classname="testscript.SubCategoryTest" name="verifyWhetherUserAbleToAddNewItemInSubcategoryUsingNewButton" time="2.504"/>
  <testcase classname="testscript.SubCategoryTest" name="verifyWhetherUserAbleToSearchItemsusingSearchButtonInSubcategorytosearchitem" time="1.483"/>
  <testcase classname="testscript.SubCategoryTest" name="verifyWhetherUserAbleToRefreshTheSubCategoryPageUsingResetButton" time="1.271"/>
</testsuite> <!-- Test -->
