<?xml version="1.0" encoding="UTF-8"?>
<!-- Generated by org.testng.reporters.JUnitXMLReporter -->
<testsuite ignored="0" hostname="DESKTOP-HDR5F53" failures="0" tests="4" name="Test" time="41.952" errors="0" timestamp="2025-02-20T14:01:58 IST">
  <testcase classname="seleniumBasics.LoginTest" name="verifyUserLoginWithInValidUsernameAndValidPassword" time="1.67"/>
  <testcase classname="seleniumBasics.LoginTest" name="verifyUserLoginWithValidUsernameAndValidPassword" time="2.401"/>
  <testcase classname="seleniumBasics.LoginTest" name="verifyUserLoginWithInValidUsernameAndInValidPassword" time="5.499"/>
  <testcase classname="seleniumBasics.LoginTest" name="verifyUserLoginWithValidUsernameAndInValidPassword" time="3.811"/>
</testsuite> <!-- Test -->
